<?xml version="1.0" encoding="UTF-8"?>
<!-- Generated by org.testng.reporters.JUnitReportReporter -->
<testsuite hostname="JYOTIRMOY" name="com.selenium.tests.CartPageTest" tests="5" failures="0" timestamp="17 Aug 2017 18:53:19 GMT" time="105.988" errors="0">
  <testcase name="testContinueShopp" time="7.788" classname="com.selenium.tests.CartPageTest"/>
  <testcase name="testSuccCoupMsg" time="22.164" classname="com.selenium.tests.CartPageTest"/>
  <testcase name="testItemRemoveFrmCart" time="2.631" classname="com.selenium.tests.CartPageTest"/>
  <testcase name="testMaxQtyErrMsg" time="69.813" classname="com.selenium.tests.CartPageTest"/>
  <testcase name="testEmtyCartMsg" time="3.592" classname="com.selenium.tests.CartPageTest"/>
</testsuite> <!-- com.selenium.tests.CartPageTest -->
