<?xml version="1.0" encoding="UTF-8"?>
<!-- Generated by org.testng.reporters.JUnitReportReporter -->
<testsuite hostname="JYOTIRMOY" name="com.selenium.tests.ContactPageTest" tests="3" failures="0" timestamp="29 Jul 2017 19:39:53 GMT" time="3.880" errors="0">
  <testcase name="testsubjectDownList" time="0.004" classname="com.selenium.tests.ContactPageTest"/>
  <testcase name="testContactPageHeaderText" time="0.338" classname="com.selenium.tests.ContactPageTest"/>
  <testcase name="testFileUpload" time="3.538" classname="com.selenium.tests.ContactPageTest"/>
</testsuite> <!-- com.selenium.tests.ContactPageTest -->
