<?xml version="1.0" encoding="UTF-8"?>
<!-- Generated by org.testng.reporters.JUnitReportReporter -->
<testsuite hostname="JYOTIRMOY" name="com.selenium.tests.CartPageTest" tests="5" failures="0" timestamp="19 Aug 2017 16:30:07 GMT" time="38.534" errors="0">
  <testcase name="testContinueShopp" time="6.963" classname="com.selenium.tests.CartPageTest"/>
  <testcase name="testSuccCoupMsg" time="22.875" classname="com.selenium.tests.CartPageTest"/>
  <testcase name="testItemRemoveFrmCart" time="2.442" classname="com.selenium.tests.CartPageTest"/>
  <testcase name="testMaxQtyErrMsg" time="3.239" classname="com.selenium.tests.CartPageTest"/>
  <testcase name="testEmtyCartMsg" time="3.015" classname="com.selenium.tests.CartPageTest"/>
</testsuite> <!-- com.selenium.tests.CartPageTest -->
