<?xml version="1.0" encoding="UTF-8"?>
<!-- Generated by org.testng.reporters.JUnitReportReporter -->
<testsuite hostname="JYOTIRMOY" name="com.selenium.tests.ContactPageTest" tests="1" failures="0" timestamp="27 Jul 2017 17:56:59 GMT" time="0.175" errors="0">
  <testcase name="testContactPageHeaderText" time="0.175" classname="com.selenium.tests.ContactPageTest"/>
</testsuite> <!-- com.selenium.tests.ContactPageTest -->
