<?xml version="1.0" encoding="UTF-8"?>
<!-- Generated by org.testng.reporters.JUnitReportReporter -->
<testsuite hostname="JYOTIRMOY" name="com.selenium.tests.HomePageTest" tests="5" failures="0" timestamp="18 Aug 2017 19:13:08 GMT" time="16.623" errors="0">
  <testcase name="testMobPgeHdr" time="2.669" classname="com.selenium.tests.HomePageTest"/>
  <testcase name="testEmptyCartMsg" time="1.321" classname="com.selenium.tests.HomePageTest"/>
  <testcase name="testItemRemoveFromCart" time="8.698" classname="com.selenium.tests.HomePageTest"/>
  <testcase name="testHomePgeTitle" time="2.803" classname="com.selenium.tests.HomePageTest"/>
  <testcase name="testAccOptions" time="1.132" classname="com.selenium.tests.HomePageTest"/>
</testsuite> <!-- com.selenium.tests.HomePageTest -->
