<?xml version="1.0" encoding="UTF-8"?>
<!-- Generated by org.testng.reporters.JUnitReportReporter -->
<testsuite hostname="JYOTIRMOY" name="com.selenium.tests.CartPageTest" tests="1" failures="0" timestamp="13 Aug 2017 15:30:11 GMT" time="6.791" errors="0">
  <testcase name="testSuccCoupMsg" time="6.791" classname="com.selenium.tests.CartPageTest"/>
</testsuite> <!-- com.selenium.tests.CartPageTest -->
