<?xml version="1.0" encoding="UTF-8"?>
<!-- Generated by org.testng.reporters.JUnitReportReporter -->
<testsuite hostname="JYOTIRMOY" name="com.selenium.tests.OrderPageTest" tests="2" failures="0" timestamp="2 Aug 2017 03:51:09 GMT" time="12.209" errors="0">
  <testcase name="logIn" time="5.375" classname="com.selenium.tests.OrderPageTest"/>
  <testcase name="testSelectedPdctAndChkOut" time="6.834" classname="com.selenium.tests.OrderPageTest"/>
</testsuite> <!-- com.selenium.tests.OrderPageTest -->
