<?xml version="1.0" encoding="UTF-8"?>
<!-- Generated by org.testng.reporters.JUnitReportReporter -->
<testsuite hostname="JYOTIRMOY" name="com.selenium.tests.MyAccountPageTest" tests="1" failures="0" timestamp="13 Aug 2017 19:07:09 GMT" time="11.761" errors="0">
  <testcase name="testChangePwd" time="11.761" classname="com.selenium.tests.MyAccountPageTest"/>
</testsuite> <!-- com.selenium.tests.MyAccountPageTest -->
