<?xml version="1.0" encoding="UTF-8"?>
<!-- Generated by org.testng.reporters.JUnitReportReporter -->
<testsuite hostname="JYOTIRMOY" name="com.selenium.tests.HomePageTest" tests="2" failures="0" timestamp="27 Jul 2017 16:08:21 GMT" time="4.408" errors="0">
  <testcase name="testHomePageTitle" time="0.080" classname="com.selenium.tests.HomePageTest"/>
  <testcase name="addToCart" time="4.328" classname="com.selenium.tests.HomePageTest"/>
</testsuite> <!-- com.selenium.tests.HomePageTest -->
