<?xml version="1.0" encoding="UTF-8"?>
<!-- Generated by org.testng.reporters.JUnitReportReporter -->
<testsuite hostname="JYOTIRMOY" name="com.selenium.tests.CartSummeryPageTest" tests="2" failures="0" timestamp="30 Jul 2017 10:22:32 GMT" time="11.734" errors="0">
  <testcase name="testSelectedPdctAndChkOut" time="5.964" classname="com.selenium.tests.CartSummeryPageTest"/>
  <testcase name="logIn" time="5.770" classname="com.selenium.tests.CartSummeryPageTest"/>
</testsuite> <!-- com.selenium.tests.CartSummeryPageTest -->
