<?xml version="1.0" encoding="UTF-8"?>
<!-- Generated by org.testng.reporters.JUnitReportReporter -->
<testsuite hostname="JYOTIRMOY" name="com.selenium.tests.HomePageTest" tests="5" failures="0" timestamp="30 Aug 2017 17:33:51 GMT" time="20.542" errors="0">
  <testcase name="testAccOptions" time="0.816" classname="com.selenium.tests.HomePageTest"/>
  <testcase name="testEmptyCartMsg" time="0.948" classname="com.selenium.tests.HomePageTest"/>
  <testcase name="testItemRemoveFromCart" time="10.403" classname="com.selenium.tests.HomePageTest"/>
  <testcase name="testMobPgeHdr" time="5.786" classname="com.selenium.tests.HomePageTest"/>
  <testcase name="testHomePgeTitle" time="2.589" classname="com.selenium.tests.HomePageTest"/>
</testsuite> <!-- com.selenium.tests.HomePageTest -->
