<?xml version="1.0" encoding="UTF-8"?>
<!-- Generated by org.testng.reporters.JUnitReportReporter -->
<testsuite hostname="JYOTIRMOY" name="com.selenium.tests.CartPageTest" tests="2" failures="0" timestamp="5 Aug 2017 17:48:08 GMT" time="7.781" errors="0">
  <testcase name="testEmtyCrtErrMsg" time="1.471" classname="com.selenium.tests.CartPageTest"/>
  <testcase name="testMaxQtyErrMsg" time="6.310" classname="com.selenium.tests.CartPageTest"/>
</testsuite> <!-- com.selenium.tests.CartPageTest -->
