<?xml version="1.0" encoding="UTF-8"?>
<!-- Generated by org.testng.reporters.JUnitReportReporter -->
<testsuite hostname="JYOTIRMOY" name="com.selenium.tests.LoginPageTest" tests="4" failures="0" timestamp="13 Nov 2017 03:40:15 GMT" time="21.238" errors="0">
  <testcase name="testSignOut" time="2.003" classname="com.selenium.tests.LoginPageTest"/>
  <testcase name="testLoginOnlyPwd" time="2.304" classname="com.selenium.tests.LoginPageTest"/>
  <testcase name="testLogIn" time="8.620" classname="com.selenium.tests.LoginPageTest"/>
  <testcase name="testLoginOnlyUname" time="8.311" classname="com.selenium.tests.LoginPageTest"/>
</testsuite> <!-- com.selenium.tests.LoginPageTest -->
