<?xml version="1.0" encoding="UTF-8"?>
<!-- Generated by org.testng.reporters.JUnitReportReporter -->
<testsuite hostname="JYOTIRMOY" name="com.selenium.tests.LoginPageTest" tests="1" failures="0" timestamp="30 Jul 2017 09:29:11 GMT" time="4.753" errors="0">
  <testcase name="testSignIn" time="4.753" classname="com.selenium.tests.LoginPageTest"/>
</testsuite> <!-- com.selenium.tests.LoginPageTest -->
