<?xml version="1.0" encoding="UTF-8"?>
<!-- Generated by org.testng.reporters.JUnitReportReporter -->
<testsuite hostname="JYOTIRMOY" name="com.selenium.tests.MobilePageTest" tests="1" failures="0" timestamp="6 Aug 2017 07:31:36 GMT" time="4.908" errors="0">
  <testcase name="testXpPrice" time="4.908" classname="com.selenium.tests.MobilePageTest"/>
</testsuite> <!-- com.selenium.tests.MobilePageTest -->
