<?xml version="1.0" encoding="UTF-8"?>
<!-- Generated by org.testng.reporters.JUnitReportReporter -->
<testsuite hostname="JYOTIRMOY" name="com.selenium.tests.MobilePageTest" tests="3" failures="0" timestamp="10 Aug 2017 04:38:57 GMT" time="13.404" errors="0">
  <testcase name="testAddToCompItms" time="7.401" classname="com.selenium.tests.MobilePageTest"/>
  <testcase name="testSortByName" time="5.987" classname="com.selenium.tests.MobilePageTest"/>
  <testcase name="testCompPgeHdr" time="0.016" classname="com.selenium.tests.MobilePageTest"/>
</testsuite> <!-- com.selenium.tests.MobilePageTest -->
