<?xml version="1.0" encoding="UTF-8"?>
<!-- Generated by org.testng.reporters.JUnitReportReporter -->
<testsuite hostname="JYOTIRMOY" name="com.selenium.tests.CartPageTest" tests="2" failures="0" timestamp="7 Aug 2017 19:51:58 GMT" time="7.781" errors="0">
  <testcase name="testEmtyCartMsg" time="1.532" classname="com.selenium.tests.CartPageTest"/>
  <testcase name="testMaxQtyErrMsg" time="6.249" classname="com.selenium.tests.CartPageTest"/>
</testsuite> <!-- com.selenium.tests.CartPageTest -->
