<?xml version="1.0" encoding="UTF-8"?>
<!-- Generated by org.testng.reporters.JUnitReportReporter -->
<testsuite hostname="JYOTIRMOY" name="com.selenium.tests.HomePageTest" tests="1" failures="0" timestamp="13 Aug 2017 06:48:46 GMT" time="1.014" errors="0">
  <testcase name="testAccOptions" time="1.014" classname="com.selenium.tests.HomePageTest"/>
</testsuite> <!-- com.selenium.tests.HomePageTest -->
