<?xml version="1.0" encoding="UTF-8"?>
<!-- Generated by org.testng.reporters.JUnitReportReporter -->
<testsuite hostname="JYOTIRMOY" name="com.selenium.tests.MobilePageTest" tests="1" failures="0" timestamp="13 Aug 2017 07:11:54 GMT" time="10.178" errors="0">
  <testcase name="testBackToHomePge" time="10.178" classname="com.selenium.tests.MobilePageTest"/>
</testsuite> <!-- com.selenium.tests.MobilePageTest -->
