<?xml version="1.0" encoding="UTF-8"?>
<!-- Generated by org.testng.reporters.JUnitReportReporter -->
<testsuite hostname="JYOTIRMOY" name="com.selenium.tests.MyAccountPageTest" tests="3" failures="0" timestamp="19 Aug 2017 18:41:16 GMT" time="31.817" errors="0">
  <testcase name="testSuccOrderGen" time="10.503" classname="com.selenium.tests.MyAccountPageTest"/>
  <testcase name="testItemTotalPrice" time="5.349" classname="com.selenium.tests.MyAccountPageTest"/>
  <testcase name="testWshListShre" time="15.965" classname="com.selenium.tests.MyAccountPageTest"/>
</testsuite> <!-- com.selenium.tests.MyAccountPageTest -->
