<?xml version="1.0" encoding="UTF-8"?>
<!-- Generated by org.testng.reporters.JUnitReportReporter -->
<testsuite hostname="JYOTIRMOY" name="com.selenium.tests.LoginPageTest" tests="5" failures="0" timestamp="19 Aug 2017 16:35:18 GMT" time="29.010" errors="0">
  <testcase name="testLogIn" time="3.020" classname="com.selenium.tests.LoginPageTest"/>
  <testcase name="testLoginOnlyUname" time="6.497" classname="com.selenium.tests.LoginPageTest"/>
  <testcase name="testNewLogIn" time="15.877" classname="com.selenium.tests.LoginPageTest"/>
  <testcase name="testSignOut" time="1.920" classname="com.selenium.tests.LoginPageTest"/>
  <testcase name="testLoginOnlyPwd" time="1.696" classname="com.selenium.tests.LoginPageTest"/>
</testsuite> <!-- com.selenium.tests.LoginPageTest -->
