<?xml version="1.0" encoding="UTF-8"?>
<!-- Generated by org.testng.reporters.JUnitReportReporter -->
<testsuite hostname="JYOTIRMOY" name="com.selenium.tests.OrderPageTest" tests="2" failures="0" timestamp="30 Jul 2017 11:27:32 GMT" time="11.662" errors="0">
  <testcase name="testSelectedPdctAndChkOut" time="5.932" classname="com.selenium.tests.OrderPageTest"/>
  <testcase name="logIn" time="5.730" classname="com.selenium.tests.OrderPageTest"/>
</testsuite> <!-- com.selenium.tests.OrderPageTest -->
