<?xml version="1.0" encoding="UTF-8"?>
<!-- Generated by org.testng.reporters.JUnitReportReporter -->
<testsuite hostname="JYOTIRMOY" name="com.selenium.tests.MobilePageTest" tests="5" failures="0" timestamp="19 Aug 2017 17:14:39 GMT" time="19.681" errors="0">
  <testcase name="testCompPgeHdr" time="0.341" classname="com.selenium.tests.MobilePageTest"/>
  <testcase name="testXpPrice" time="4.555" classname="com.selenium.tests.MobilePageTest"/>
  <testcase name="testAddToCompItms" time="6.234" classname="com.selenium.tests.MobilePageTest"/>
  <testcase name="testBackToHomePge" time="2.295" classname="com.selenium.tests.MobilePageTest"/>
  <testcase name="testSortByName" time="6.256" classname="com.selenium.tests.MobilePageTest"/>
</testsuite> <!-- com.selenium.tests.MobilePageTest -->
