<?xml version="1.0" encoding="UTF-8"?>
<!-- Generated by org.testng.reporters.JUnitReportReporter -->
<testsuite hostname="JYOTIRMOY" name="com.selenium.tests.CartPageTest" tests="5" failures="0" timestamp="30 Aug 2017 17:36:54 GMT" time="44.458" errors="0">
  <testcase name="testContinueShopp" time="9.035" classname="com.selenium.tests.CartPageTest"/>
  <testcase name="testEmtyCartMsg" time="3.311" classname="com.selenium.tests.CartPageTest"/>
  <testcase name="testMaxQtyErrMsg" time="3.590" classname="com.selenium.tests.CartPageTest"/>
  <testcase name="testItemRemoveFrmCart" time="2.804" classname="com.selenium.tests.CartPageTest"/>
  <testcase name="testSuccCoupMsg" time="25.718" classname="com.selenium.tests.CartPageTest"/>
</testsuite> <!-- com.selenium.tests.CartPageTest -->
