<?xml version="1.0" encoding="UTF-8"?>
<!-- Generated by org.testng.reporters.JUnitReportReporter -->
<testsuite hostname="JYOTIRMOY" name="com.selenium.tests.LoginPageTest" tests="1" failures="0" timestamp="7 Aug 2017 19:42:29 GMT" time="7.050" errors="0">
  <testcase name="testLogIn" time="7.050" classname="com.selenium.tests.LoginPageTest"/>
</testsuite> <!-- com.selenium.tests.LoginPageTest -->
