<?xml version="1.0" encoding="UTF-8"?>
<!-- Generated by org.testng.reporters.JUnitReportReporter -->
<testsuite hostname="JYOTIRMOY" name="com.selenium.tests.HomePageTest" tests="2" failures="0" timestamp="6 Aug 2017 13:48:09 GMT" time="2.346" errors="0">
  <testcase name="testHomePgeTitle" time="0.263" classname="com.selenium.tests.HomePageTest"/>
  <testcase name="testMobPgeHdr" time="2.083" classname="com.selenium.tests.HomePageTest"/>
</testsuite> <!-- com.selenium.tests.HomePageTest -->
