<?xml version="1.0" encoding="UTF-8"?>
<!-- Generated by org.testng.reporters.JUnitReportReporter -->
<testsuite hostname="JYOTIRMOY" name="com.selenium.tests.LoginPageTest" tests="1" failures="0" timestamp="10 Aug 2017 03:36:40 GMT" time="7.145" errors="0">
  <testcase name="testLogIn" time="7.145" classname="com.selenium.tests.LoginPageTest"/>
</testsuite> <!-- com.selenium.tests.LoginPageTest -->
