<?xml version="1.0" encoding="UTF-8"?>
<!-- Generated by org.testng.reporters.JUnitReportReporter -->
<testsuite hostname="JYOTIRMOY" name="com.selenium.tests.MobilePageTest" tests="3" failures="0" timestamp="6 Aug 2017 13:54:11 GMT" time="9.283" errors="0">
  <testcase name="testSortByName" time="3.329" classname="com.selenium.tests.MobilePageTest"/>
  <testcase name="testCompPgeHdr" time="0.007" classname="com.selenium.tests.MobilePageTest"/>
  <testcase name="testAddToCompItms" time="5.947" classname="com.selenium.tests.MobilePageTest"/>
</testsuite> <!-- com.selenium.tests.MobilePageTest -->
