<?xml version="1.0" encoding="UTF-8"?>
<!-- Generated by org.testng.reporters.JUnitReportReporter -->
<testsuite hostname="JYOTIRMOY" name="com.selenium.tests.LoginPageTest" tests="1" failures="0" timestamp="13 Aug 2017 17:30:05 GMT" time="8.792" errors="0">
  <testcase name="testNewLogIn" time="8.792" classname="com.selenium.tests.LoginPageTest"/>
</testsuite> <!-- com.selenium.tests.LoginPageTest -->
