<?xml version="1.0" encoding="UTF-8"?>
<!-- Generated by org.testng.reporters.JUnitReportReporter -->
<testsuite hostname="JYOTIRMOY" name="com.selenium.tests.HomePageTest" tests="2" failures="0" timestamp="30 Jul 2017 05:17:56 GMT" time="5.568" errors="0">
  <testcase name="addToCart" time="5.508" classname="com.selenium.tests.HomePageTest"/>
  <testcase name="testHomePageTitle" time="0.060" classname="com.selenium.tests.HomePageTest"/>
</testsuite> <!-- com.selenium.tests.HomePageTest -->
