<?xml version="1.0" encoding="UTF-8"?>
<!-- Generated by org.testng.reporters.JUnitReportReporter -->
<testsuite hostname="JYOTIRMOY" name="com.selenium.tests.MyAccountPagePageTest" tests="1" failures="0" timestamp="8 Aug 2017 04:15:53 GMT" time="14.358" errors="0">
  <testcase name="testWshListShre" time="14.358" classname="com.selenium.tests.MyAccountPagePageTest"/>
</testsuite> <!-- com.selenium.tests.MyAccountPagePageTest -->
