<?xml version="1.0" encoding="UTF-8"?>
<!-- Generated by org.testng.reporters.JUnitReportReporter -->
<testsuite hostname="JYOTIRMOY" name="com.selenium.tests.HomePageTest" tests="2" failures="0" timestamp="5 Aug 2017 17:46:08 GMT" time="2.747" errors="0">
  <testcase name="testHomePgeTitle" time="0.333" classname="com.selenium.tests.HomePageTest"/>
  <testcase name="testMobPgeHdr" time="2.414" classname="com.selenium.tests.HomePageTest"/>
</testsuite> <!-- com.selenium.tests.HomePageTest -->
