<?xml version="1.0" encoding="UTF-8"?>
<!-- Generated by org.testng.reporters.JUnitReportReporter -->
<testsuite hostname="JYOTIRMOY" name="com.selenium.tests.LoginPageTest" tests="1" failures="0" timestamp="2 Aug 2017 18:30:47 GMT" time="7.450" errors="0">
  <testcase name="testSignIn" time="7.450" classname="com.selenium.tests.LoginPageTest"/>
</testsuite> <!-- com.selenium.tests.LoginPageTest -->
